16:58:27 ======== TRACE START speed=40 first_turn_distance_cm=400 ========
16:58:27 [TRACE] dx=+24.0 b=40 d=0 dist=0/400 area=1820 w=25 mx=264 my=92 corner=0/4 lost=0
16:58:28 [TRACE] dx=+23.0 b=40 d=0 dist=40/400 area=1840 w=24 mx=263 my=91 corner=0/4 lost=0
16:58:29 [TRACE] dx=+26.0 b=40 d=0 dist=80/400 area=1812 w=26 mx=266 my=92 corner=0/4 lost=0
16:58:30 [TRACE] dx=+34.0 b=40 d=0 dist=123/400 area=1795 w=34 mx=274 my=92 corner=0/4 lost=0
16:58:31 [TRACE] dx=+47.0 b=40 d=0 dist=163/400 area=1789 w=44 mx=287 my=92 corner=0/4 lost=0
16:58:32 [TRACE] dx=+68.0 b=40 d=0 dist=203/400 area=1473 w=44 mx=308 my=107 corner=0/4 lost=0
16:58:33 [TRACE] dx=+93.0 b=40 d=0 dist=244/400 area=1858 w=183 mx=333 my=92 corner=0/4 lost=0
16:58:34 [TRACE] dx=+119.0 b=40 d=0 dist=285/400 area=1811 w=164 mx=359 my=107 corner=0/4 lost=0
16:58:35 ======== RED LOST reason=small-area area=187 min_area=300 dist=321 ========
16:58:36 ======== STOP reason=red-lost lost_frames=21 dist=321 ========
16:58:36 ======== STOP reason=red-lost lost_frames=22 dist=321 ========
16:58:36 ======== STOP reason=red-lost lost_frames=23 dist=321 ========
16:58:36 ======== STOP reason=red-lost lost_frames=24 dist=321 ========
16:58:36 ======== STOP reason=red-lost lost_frames=25 dist=321 ========
16:58:36 ======== STOP reason=red-lost lost_frames=26 dist=321 ========
16:58:36 ======== STOP reason=red-lost lost_frames=27 dist=321 ========
16:58:36 ======== STOP reason=red-lost lost_frames=28 dist=321 ========
16:58:36 ======== STOP reason=red-lost lost_frames=29 dist=321 ========
16:58:36 ======== STOP reason=red-lost lost_frames=30 dist=321 ========
16:58:36 ======== STOP reason=red-lost lost_frames=31 dist=321 ========
16:58:36 ======== STOP reason=red-lost lost_frames=32 dist=321 ========
16:58:36 ======== STOP reason=red-lost lost_frames=33 dist=321 ========
16:58:36 ======== STOP reason=red-lost lost_frames=34 dist=321 ========
16:58:36 ======== STOP reason=red-lost lost_frames=35 dist=321 ========
16:58:36 ======== STOP reason=red-lost lost_frames=36 dist=321 ========
16:58:36 ======== STOP reason=red-lost lost_frames=37 dist=321 ========
16:58:36 ======== STOP reason=red-lost lost_frames=38 dist=321 ========
16:58:36 ======== STOP reason=red-lost lost_frames=39 dist=321 ========
16:58:36 ======== STOP reason=red-lost lost_frames=40 dist=321 ========
16:58:37 ======== STOP reason=red-lost lost_frames=41 dist=321 ========
16:58:37 ======== STOP reason=red-lost lost_frames=42 dist=321 ========
16:58:37 ======== STOP reason=red-lost lost_frames=43 dist=321 ========
16:58:37 ======== STOP reason=red-lost lost_frames=44 dist=321 ========
16:58:37 ======== STOP reason=red-lost lost_frames=45 dist=321 ========
16:58:37 ======== STOP reason=red-lost lost_frames=46 dist=321 ========
16:58:37 ======== STOP reason=red-lost lost_frames=47 dist=321 ========
16:58:37 ======== STOP reason=red-lost lost_frames=48 dist=321 ========
16:58:37 ======== STOP reason=red-lost lost_frames=49 dist=321 ========
16:58:37 ======== STOP reason=red-lost lost_frames=50 dist=321 ========
16:58:37 ======== STOP reason=red-lost lost_frames=51 dist=321 ========
16:58:37 ======== STOP reason=red-lost lost_frames=52 dist=321 ========
16:58:37 ======== STOP reason=red-lost lost_frames=53 dist=321 ========
16:58:37 ======== STOP reason=red-lost lost_frames=54 dist=321 ========
16:58:37 ======== STOP reason=red-lost lost_frames=55 dist=321 ========
16:58:37 ======== STOP reason=red-lost lost_frames=56 dist=321 ========
16:58:37 ======== STOP reason=red-lost lost_frames=57 dist=321 ========
16:58:37 ======== STOP reason=red-lost lost_frames=58 dist=321 ========
16:58:37 ======== STOP reason=red-lost lost_frames=59 dist=321 ========
16:58:37 ======== STOP reason=red-lost lost_frames=60 dist=321 ========
16:58:37 ======== STOP reason=red-lost lost_frames=61 dist=321 ========
16:58:37 ======== STOP reason=red-lost lost_frames=62 dist=321 ========
16:58:37 ======== STOP reason=red-lost lost_frames=63 dist=321 ========
16:58:37 ======== STOP reason=red-lost lost_frames=64 dist=321 ========
16:58:37 ======== STOP reason=red-lost lost_frames=65 dist=321 ========
16:58:37 ======== STOP reason=red-lost lost_frames=66 dist=321 ========
16:58:37 ======== STOP reason=red-lost lost_frames=67 dist=321 ========
16:58:37 ======== STOP reason=red-lost lost_frames=68 dist=321 ========
16:58:37 ======== STOP reason=red-lost lost_frames=69 dist=321 ========
16:58:37 ======== STOP reason=red-lost lost_frames=70 dist=321 ========
16:58:38 ======== STOP reason=red-lost lost_frames=71 dist=321 ========
16:58:38 ======== STOP reason=red-lost lost_frames=72 dist=321 ========
16:58:38 ======== STOP reason=red-lost lost_frames=73 dist=321 ========
16:58:38 ======== STOP reason=red-lost lost_frames=74 dist=321 ========
16:58:38 ======== STOP reason=red-lost lost_frames=75 dist=321 ========
16:58:38 ======== STOP reason=red-lost lost_frames=76 dist=321 ========
16:58:38 ======== STOP reason=red-lost lost_frames=77 dist=321 ========
16:58:38 ======== STOP reason=red-lost lost_frames=78 dist=321 ========
16:58:38 ======== STOP reason=red-lost lost_frames=79 dist=321 ========
16:58:38 ======== STOP reason=red-lost lost_frames=80 dist=321 ========
16:58:38 ======== STOP reason=red-lost lost_frames=81 dist=321 ========
16:58:38 ======== STOP reason=red-lost lost_frames=82 dist=321 ========
16:58:38 ======== STOP reason=red-lost lost_frames=83 dist=321 ========
16:58:38 ======== STOP reason=red-lost lost_frames=84 dist=321 ========
16:58:38 ======== STOP reason=red-lost lost_frames=85 dist=321 ========
16:58:38 ======== STOP reason=red-lost lost_frames=86 dist=321 ========
16:58:38 ======== STOP reason=red-lost lost_frames=87 dist=321 ========
16:58:38 ======== STOP reason=red-lost lost_frames=88 dist=321 ========
16:58:38 ======== STOP reason=red-lost lost_frames=89 dist=321 ========
16:58:38 ======== STOP reason=red-lost lost_frames=90 dist=321 ========
16:58:38 ======== STOP reason=red-lost lost_frames=91 dist=321 ========
16:58:38 ======== STOP reason=red-lost lost_frames=92 dist=321 ========
16:58:38 ======== STOP reason=red-lost lost_frames=93 dist=321 ========
16:58:38 ======== STOP reason=red-lost lost_frames=94 dist=321 ========
16:58:38 ======== STOP reason=red-lost lost_frames=95 dist=321 ========
16:58:38 ======== STOP reason=red-lost lost_frames=96 dist=321 ========
16:58:38 ======== STOP reason=red-lost lost_frames=97 dist=321 ========
16:58:38 ======== STOP reason=red-lost lost_frames=98 dist=321 ========
16:58:38 ======== STOP reason=red-lost lost_frames=99 dist=321 ========
16:58:38 ======== STOP reason=red-lost lost_frames=100 dist=321 ========
16:58:38 ======== STOP reason=red-lost lost_frames=101 dist=321 ========
16:58:39 ======== STOP reason=red-lost lost_frames=102 dist=321 ========
16:58:39 ======== STOP reason=red-lost lost_frames=103 dist=321 ========
16:58:39 ======== STOP reason=red-lost lost_frames=104 dist=321 ========
16:58:39 ======== STOP reason=red-lost lost_frames=105 dist=321 ========
16:58:39 ======== STOP reason=red-lost lost_frames=106 dist=321 ========
16:58:39 ======== STOP reason=red-lost lost_frames=107 dist=321 ========
16:58:39 ======== STOP reason=red-lost lost_frames=108 dist=321 ========
16:58:39 ======== STOP reason=red-lost lost_frames=109 dist=321 ========
16:58:39 ======== STOP reason=red-lost lost_frames=110 dist=321 ========
16:58:39 ======== STOP reason=red-lost lost_frames=111 dist=321 ========
16:58:39 ======== STOP reason=red-lost lost_frames=112 dist=321 ========
16:58:39 ======== STOP reason=red-lost lost_frames=113 dist=321 ========
16:58:39 ======== STOP reason=red-lost lost_frames=114 dist=321 ========
16:58:39 ======== STOP reason=red-lost lost_frames=115 dist=321 ========
16:58:39 ======== STOP reason=red-lost lost_frames=116 dist=321 ========
16:58:39 ======== STOP reason=red-lost lost_frames=117 dist=321 ========
16:58:39 ======== STOP reason=red-lost lost_frames=118 dist=321 ========
16:58:39 ======== STOP reason=red-lost lost_frames=119 dist=321 ========
16:58:39 ======== STOP reason=red-lost lost_frames=120 dist=321 ========
16:58:39 ======== STOP reason=red-lost lost_frames=121 dist=321 ========
16:58:39 ======== STOP reason=red-lost lost_frames=122 dist=321 ========
16:58:39 ======== STOP reason=red-lost lost_frames=123 dist=321 ========
16:58:39 ======== STOP reason=red-lost lost_frames=124 dist=321 ========
16:58:39 ======== STOP reason=red-lost lost_frames=125 dist=321 ========
16:58:39 ======== STOP reason=red-lost lost_frames=126 dist=321 ========
16:58:39 ======== STOP reason=red-lost lost_frames=127 dist=321 ========
16:58:39 ======== STOP reason=red-lost lost_frames=128 dist=321 ========
16:58:39 ======== STOP reason=red-lost lost_frames=129 dist=321 ========
16:58:39 ======== STOP reason=red-lost lost_frames=130 dist=321 ========
16:58:40 ======== STOP reason=red-lost lost_frames=131 dist=321 ========
16:58:40 ======== STOP reason=red-lost lost_frames=132 dist=321 ========
16:58:40 ======== STOP reason=red-lost lost_frames=133 dist=321 ========
16:58:40 ======== STOP reason=red-lost lost_frames=134 dist=321 ========
16:58:40 ======== STOP reason=red-lost lost_frames=135 dist=321 ========
16:58:40 ======== STOP reason=red-lost lost_frames=136 dist=321 ========
16:58:40 ======== STOP reason=red-lost lost_frames=137 dist=321 ========
16:58:40 ======== STOP reason=red-lost lost_frames=138 dist=321 ========
16:58:40 ======== STOP reason=red-lost lost_frames=139 dist=321 ========
16:58:40 ======== STOP reason=red-lost lost_frames=140 dist=321 ========
16:58:40 ======== STOP reason=red-lost lost_frames=141 dist=321 ========
16:58:40 ======== STOP reason=red-lost lost_frames=142 dist=321 ========
16:58:40 ======== STOP reason=red-lost lost_frames=143 dist=321 ========
16:58:40 ======== STOP reason=red-lost lost_frames=144 dist=321 ========
16:58:40 ======== STOP reason=red-lost lost_frames=145 dist=321 ========
16:58:40 ======== STOP reason=red-lost lost_frames=146 dist=321 ========
16:58:40 ======== STOP reason=red-lost lost_frames=147 dist=321 ========
16:58:40 ======== STOP reason=red-lost lost_frames=148 dist=321 ========
16:58:40 ======== STOP reason=red-lost lost_frames=149 dist=321 ========
16:58:40 ======== STOP reason=red-lost lost_frames=150 dist=321 ========
16:58:40 ======== STOP reason=red-lost lost_frames=151 dist=321 ========
16:58:40 ======== STOP reason=red-lost lost_frames=152 dist=321 ========
16:58:40 ======== STOP reason=red-lost lost_frames=153 dist=321 ========
16:58:40 ======== STOP reason=red-lost lost_frames=154 dist=321 ========
16:58:40 ======== STOP reason=red-lost lost_frames=155 dist=321 ========
16:58:40 ======== STOP reason=red-lost lost_frames=156 dist=321 ========
16:58:40 ======== STOP reason=red-lost lost_frames=157 dist=321 ========
16:58:40 ======== STOP reason=red-lost lost_frames=158 dist=321 ========
16:58:40 ======== STOP reason=red-lost lost_frames=159 dist=321 ========
16:58:40 ======== STOP reason=red-lost lost_frames=160 dist=321 ========
16:58:41 ======== STOP reason=red-lost lost_frames=161 dist=321 ========
16:58:41 ======== STOP reason=red-lost lost_frames=162 dist=321 ========
16:58:41 ======== STOP reason=red-lost lost_frames=163 dist=321 ========
16:58:41 ======== STOP reason=red-lost lost_frames=164 dist=321 ========
16:58:41 ======== STOP reason=red-lost lost_frames=165 dist=321 ========
16:58:41 ======== STOP reason=red-lost lost_frames=166 dist=321 ========
16:58:41 ======== STOP reason=red-lost lost_frames=167 dist=321 ========
16:58:41 ======== STOP reason=red-lost lost_frames=168 dist=321 ========
16:58:41 ======== STOP reason=red-lost lost_frames=169 dist=321 ========
16:58:41 ======== STOP reason=red-lost lost_frames=170 dist=321 ========
16:58:41 ======== STOP reason=red-lost lost_frames=171 dist=321 ========
16:58:41 ======== STOP reason=red-lost lost_frames=172 dist=321 ========
16:58:41 ======== STOP reason=red-lost lost_frames=173 dist=321 ========
16:58:41 ======== STOP reason=red-lost lost_frames=174 dist=321 ========
16:58:41 ======== STOP reason=red-lost lost_frames=175 dist=321 ========
16:58:41 ======== STOP reason=red-lost lost_frames=176 dist=321 ========
16:58:41 ======== STOP reason=red-lost lost_frames=177 dist=321 ========
16:58:41 ======== STOP reason=red-lost lost_frames=178 dist=321 ========
16:58:41 ======== STOP reason=red-lost lost_frames=179 dist=321 ========
16:58:41 ======== STOP reason=red-lost lost_frames=180 dist=321 ========
16:58:41 ======== STOP reason=red-lost lost_frames=181 dist=321 ========
16:58:41 ======== STOP reason=red-lost lost_frames=182 dist=321 ========
16:58:41 ======== STOP reason=red-lost lost_frames=183 dist=321 ========
16:58:41 ======== STOP reason=red-lost lost_frames=184 dist=321 ========
16:58:41 ======== STOP reason=red-lost lost_frames=185 dist=321 ========
16:58:41 ======== STOP reason=red-lost lost_frames=186 dist=321 ========
16:58:41 ======== STOP reason=red-lost lost_frames=187 dist=321 ========
16:58:41 ======== STOP reason=red-lost lost_frames=188 dist=321 ========
16:58:41 ======== STOP reason=red-lost lost_frames=189 dist=321 ========
16:58:41 ======== STOP reason=red-lost lost_frames=190 dist=321 ========
16:58:42 ======== STOP reason=red-lost lost_frames=191 dist=321 ========
16:58:42 ======== STOP reason=red-lost lost_frames=192 dist=321 ========
16:58:42 ======== STOP reason=red-lost lost_frames=193 dist=321 ========
16:58:42 ======== STOP reason=red-lost lost_frames=194 dist=321 ========
16:58:42 ======== STOP reason=red-lost lost_frames=195 dist=321 ========
16:58:42 ======== STOP reason=red-lost lost_frames=196 dist=321 ========
16:58:42 ======== STOP reason=red-lost lost_frames=197 dist=321 ========
16:58:42 ======== STOP reason=red-lost lost_frames=198 dist=321 ========
16:58:42 ======== STOP reason=red-lost lost_frames=199 dist=321 ========
16:58:42 ======== STOP reason=red-lost lost_frames=200 dist=321 ========
16:58:42 ======== STOP reason=red-lost lost_frames=201 dist=321 ========
16:58:42 ======== STOP reason=red-lost lost_frames=202 dist=321 ========
16:58:42 ======== STOP reason=red-lost lost_frames=203 dist=321 ========
16:58:42 ======== STOP reason=red-lost lost_frames=204 dist=321 ========
16:58:42 ======== STOP reason=red-lost lost_frames=205 dist=321 ========
16:58:42 ======== STOP reason=red-lost lost_frames=206 dist=321 ========
16:58:42 ======== STOP reason=red-lost lost_frames=207 dist=321 ========
16:58:42 ======== STOP reason=red-lost lost_frames=208 dist=321 ========
16:58:42 ======== STOP reason=red-lost lost_frames=209 dist=321 ========
16:58:42 ======== STOP reason=red-lost lost_frames=210 dist=321 ========
16:58:42 ======== STOP reason=red-lost lost_frames=211 dist=321 ========
16:58:42 ======== STOP reason=red-lost lost_frames=212 dist=321 ========
16:58:42 ======== STOP reason=red-lost lost_frames=213 dist=321 ========
16:58:42 ======== STOP reason=red-lost lost_frames=214 dist=321 ========
16:58:42 ======== STOP reason=red-lost lost_frames=215 dist=321 ========
16:58:42 ======== STOP reason=red-lost lost_frames=216 dist=321 ========
16:58:43 ======== STOP reason=red-lost lost_frames=217 dist=321 ========
16:58:43 ======== STOP reason=red-lost lost_frames=218 dist=321 ========
16:58:43 ======== STOP reason=red-lost lost_frames=219 dist=321 ========
16:58:43 ======== STOP reason=red-lost lost_frames=220 dist=321 ========
16:58:43 ======== STOP reason=red-lost lost_frames=221 dist=321 ========
16:58:43 ======== STOP reason=red-lost lost_frames=222 dist=321 ========
16:58:43 ======== STOP reason=red-lost lost_frames=223 dist=321 ========
16:58:43 ======== STOP reason=red-lost lost_frames=224 dist=321 ========
16:58:43 ======== STOP reason=red-lost lost_frames=225 dist=321 ========
16:58:43 ======== STOP reason=red-lost lost_frames=226 dist=321 ========
16:58:43 ======== STOP reason=red-lost lost_frames=227 dist=321 ========
16:58:43 ======== STOP reason=red-lost lost_frames=228 dist=321 ========
16:58:43 ======== STOP reason=red-lost lost_frames=229 dist=321 ========
16:58:43 ======== STOP reason=red-lost lost_frames=230 dist=321 ========
16:58:43 ======== STOP reason=red-lost lost_frames=231 dist=321 ========
16:58:43 ======== STOP reason=red-lost lost_frames=232 dist=321 ========
16:58:43 ======== STOP reason=red-lost lost_frames=233 dist=321 ========
16:58:43 ======== STOP reason=red-lost lost_frames=234 dist=321 ========
16:58:43 ======== STOP reason=red-lost lost_frames=235 dist=321 ========
16:58:43 ======== STOP reason=red-lost lost_frames=236 dist=321 ========
16:58:43 ======== STOP reason=red-lost lost_frames=237 dist=321 ========
16:58:43 ======== STOP reason=red-lost lost_frames=238 dist=321 ========
16:58:43 ======== STOP reason=red-lost lost_frames=239 dist=321 ========
16:58:43 ======== STOP reason=red-lost lost_frames=240 dist=321 ========
16:58:43 ======== STOP reason=red-lost lost_frames=241 dist=321 ========
16:58:43 ======== STOP reason=red-lost lost_frames=242 dist=321 ========
16:58:43 ======== STOP reason=red-lost lost_frames=243 dist=321 ========
16:58:43 ======== STOP reason=red-lost lost_frames=244 dist=321 ========
16:58:43 ======== STOP reason=red-lost lost_frames=245 dist=321 ========
16:58:43 ======== STOP reason=red-lost lost_frames=246 dist=321 ========
16:58:43 ======== STOP reason=red-lost lost_frames=247 dist=321 ========
16:58:43 ======== STOP reason=red-lost lost_frames=248 dist=321 ========
16:58:44 ======== STOP reason=red-lost lost_frames=249 dist=321 ========
16:58:44 ======== STOP reason=red-lost lost_frames=250 dist=321 ========
16:58:44 ======== STOP reason=red-lost lost_frames=251 dist=321 ========
16:58:44 ======== STOP reason=red-lost lost_frames=252 dist=321 ========
16:58:44 ======== STOP reason=red-lost lost_frames=253 dist=321 ========
16:58:44 ======== STOP reason=red-lost lost_frames=254 dist=321 ========
16:58:44 ======== STOP reason=red-lost lost_frames=255 dist=321 ========
16:58:44 ======== STOP reason=red-lost lost_frames=256 dist=321 ========
16:58:44 ======== STOP reason=red-lost lost_frames=257 dist=321 ========
16:58:44 ======== STOP reason=red-lost lost_frames=258 dist=321 ========
16:58:44 ======== STOP reason=red-lost lost_frames=259 dist=321 ========
16:58:44 ======== STOP reason=red-lost lost_frames=260 dist=321 ========
16:58:44 ======== STOP reason=red-lost lost_frames=261 dist=321 ========
16:58:44 ======== STOP reason=red-lost lost_frames=262 dist=321 ========
16:58:44 ======== STOP reason=red-lost lost_frames=263 dist=321 ========
16:58:44 ======== STOP reason=red-lost lost_frames=264 dist=321 ========
16:58:44 ======== STOP reason=red-lost lost_frames=265 dist=321 ========
16:58:44 ======== STOP reason=red-lost lost_frames=266 dist=321 ========
16:58:44 ======== STOP reason=red-lost lost_frames=267 dist=321 ========
16:58:44 ======== STOP reason=red-lost lost_frames=268 dist=321 ========
16:58:44 ======== STOP reason=red-lost lost_frames=269 dist=321 ========
16:58:44 ======== STOP reason=red-lost lost_frames=270 dist=321 ========
16:58:44 ======== STOP reason=red-lost lost_frames=271 dist=321 ========
16:58:44 ======== STOP reason=red-lost lost_frames=272 dist=321 ========
16:58:44 ======== STOP reason=red-lost lost_frames=273 dist=321 ========
16:58:44 ======== STOP reason=red-lost lost_frames=274 dist=321 ========
16:58:44 ======== STOP reason=red-lost lost_frames=275 dist=321 ========
16:58:44 ======== STOP reason=red-lost lost_frames=276 dist=321 ========
16:58:44 ======== STOP reason=red-lost lost_frames=277 dist=321 ========
16:58:44 ======== STOP reason=red-lost lost_frames=278 dist=321 ========
16:58:44 ======== STOP reason=red-lost lost_frames=279 dist=321 ========
16:58:44 ======== STOP reason=red-lost lost_frames=280 dist=321 ========
16:58:45 ======== STOP reason=red-lost lost_frames=281 dist=321 ========
16:58:45 ======== STOP reason=red-lost lost_frames=282 dist=321 ========
16:58:45 ======== STOP reason=red-lost lost_frames=283 dist=321 ========
16:58:45 ======== STOP reason=red-lost lost_frames=284 dist=321 ========
16:58:45 ======== STOP reason=red-lost lost_frames=285 dist=321 ========
16:58:45 ======== STOP reason=red-lost lost_frames=286 dist=321 ========
16:58:45 ======== STOP reason=red-lost lost_frames=287 dist=321 ========
16:58:45 ======== STOP reason=red-lost lost_frames=288 dist=321 ========
16:58:45 ======== STOP reason=red-lost lost_frames=289 dist=321 ========
16:58:45 ======== STOP reason=red-lost lost_frames=290 dist=321 ========
16:58:45 ======== STOP reason=red-lost lost_frames=291 dist=321 ========
16:58:45 ======== STOP reason=red-lost lost_frames=292 dist=321 ========
16:58:45 ======== STOP reason=red-lost lost_frames=293 dist=321 ========
16:58:45 ======== STOP reason=red-lost lost_frames=294 dist=321 ========
16:58:45 ======== STOP reason=red-lost lost_frames=295 dist=321 ========
16:58:45 ======== STOP reason=red-lost lost_frames=296 dist=321 ========
16:58:45 ======== STOP reason=red-lost lost_frames=297 dist=321 ========
16:58:45 [TRACE] dx=+224.0 b=40 d=0 dist=720/400 area=425 w=41 mx=464 my=151 corner=0/4 lost=0
16:58:45 ======== TURN UNLOCK elapsed=18.0s distance_cm=721 corner=1/4 ========
17:04:09 ======== TRACE START speed=40 first_turn_distance_cm=370 ========
17:04:09 [TRACE] dx=+50.0 b=40 d=0 dist=0/370 area=4278 w=54 mx=290 my=105 corner=0/4 lost=0
17:04:10 [TRACE] dx=+44.0 b=40 d=0 dist=41/370 area=3702 w=49 mx=284 my=110 corner=0/4 lost=0
17:04:11 [TRACE] dx=+30.0 b=40 d=0 dist=81/370 area=1584 w=15 mx=270 my=95 corner=0/4 lost=0
17:04:12 [TRACE] dx=+29.0 b=40 d=0 dist=123/370 area=1646 w=16 mx=269 my=95 corner=0/4 lost=0
17:04:13 [TRACE] dx=+27.0 b=40 d=0 dist=166/370 area=1711 w=17 mx=267 my=96 corner=0/4 lost=0
17:04:14 [TRACE] dx=+29.0 b=40 d=0 dist=206/370 area=1641 w=16 mx=269 my=93 corner=0/4 lost=0
17:04:15 [TRACE] dx=+30.0 b=40 d=0 dist=247/370 area=1652 w=17 mx=270 my=97 corner=0/4 lost=0
17:04:16 [TRACE] dx=+35.0 b=40 d=0 dist=290/370 area=1487 w=71 mx=275 my=104 corner=0/4 lost=0
17:04:17 [TRACE] dx=+121.0 b=40 d=0 dist=332/370 area=2020 w=222 mx=361 my=145 corner=0/4 lost=0
17:04:18 ======== RED LOST reason=small-area area=22 min_area=300 dist=335 ========
17:04:18 ======== TURN START reason=red-lost corner=1/4 speed=0 yaw=100 dist=335 ========
17:04:20 ======== TURN END reason=red-lost corner=1/4 speed=40 yaw=0 next_turn_distance_cm=705 ========
17:04:20 ======== STOP reason=red-lost lost_frames=39 dist=335 ========
17:12:01 ======== TRACE START speed=40 first_turn_distance_cm=370 ========
17:12:01 [TRACE] dx=-2.0 b=40 d=0 dist=0/370 area=1768 w=16 mx=238 my=91 corner=0/4 lost=0
17:12:02 [TRACE] dx=-5.0 b=40 d=0 dist=41/370 area=1697 w=15 mx=235 my=91 corner=0/4 lost=0
17:12:03 [TRACE] dx=-8.0 b=40 d=0 dist=81/370 area=1737 w=16 mx=232 my=91 corner=0/4 lost=0
17:12:04 [TRACE] dx=-12.0 b=40 d=0 dist=121/370 area=1822 w=20 mx=228 my=91 corner=0/4 lost=0
17:12:05 [TRACE] dx=-12.0 b=40 d=0 dist=161/370 area=1737 w=19 mx=228 my=91 corner=0/4 lost=0
17:12:06 [TRACE] dx=+7.0 b=40 d=0 dist=202/370 area=1697 w=223 mx=247 my=85 corner=0/4 lost=0
17:12:07 [TRACE] dx=+37.0 b=40 d=0 dist=243/370 area=1812 w=271 mx=277 my=95 corner=0/4 lost=0
17:12:08 [TRACE] dx=+76.0 b=40 d=0 dist=284/370 area=2392 w=307 mx=316 my=142 corner=0/4 lost=0
17:12:09 ======== RED LOST reason=small-area area=23 min_area=300 dist=289 ========
17:12:09 ======== TURN START reason=red-lost corner=1/4 speed=0 yaw=100 dist=289 ========
17:12:10 [TRACE] dx=+228.0 b=40 d=0 dist=333/370 area=474 w=28 mx=468 my=145 corner=1/4 lost=0
17:12:11 ======== TURN UNLOCK elapsed=9.3s distance_cm=371 corner=2/4 ========
17:12:11 ======== TURN END corner=1/4 elapsed=9.3s mx=234 my=90 area=1714 width=57 speed=15 yaw=0 next_turn_distance_cm=741 ========
17:12:11 [TRACE] dx=+0.0 b=15 d=0 dist=372/740 area=1611 w=62 mx=240 my=89 corner=1/4 lost=0
17:12:12 [TRACE] dx=+8.0 b=15 d=0 dist=387/740 area=1817 w=72 mx=248 my=90 corner=1/4 lost=0
17:12:13 [TRACE] dx=-11.0 b=40 d=0 dist=406/740 area=1896 w=59 mx=229 my=89 corner=1/4 lost=0
17:12:14 [TRACE] dx=-32.0 b=40 d=0 dist=446/740 area=1819 w=48 mx=208 my=92 corner=1/4 lost=0
17:12:15 [TRACE] dx=-11.0 b=40 d=0 dist=486/740 area=2221 w=305 mx=229 my=82 corner=1/4 lost=0
17:12:16 [TRACE] dx=+21.0 b=40 d=0 dist=527/740 area=2481 w=337 mx=261 my=105 corner=1/4 lost=0
17:12:16 ======== RED LOST reason=small-area area=180 min_area=300 dist=551 ========
17:12:17 ======== STOP reason=red-lost lost_frames=21 dist=551 ========
17:12:32 [TRACE] dx=+223.0 b=40 d=0 dist=1175/740 area=306 w=38 mx=463 my=136 corner=1/4 lost=0
17:12:32 ======== RED LOST reason=small-area area=8 min_area=300 dist=1176 ========
17:12:32 ======== TURN START reason=red-lost corner=2/4 speed=0 yaw=100 dist=1176 ========
17:12:32 ======== RED LOST reason=small-area area=69 min_area=300 dist=1176 ========
17:12:34 [TRACE] dx=+5.0 b=0 d=100 dist=1175/740 area=23808 w=432 mx=245 my=99 corner=2/4 lost=0
17:12:34 ======== RED LOST reason=small-area area=296 min_area=300 dist=1176 ========
17:12:34 ======== RED LOST reason=small-area area=111 min_area=300 dist=1176 ========
17:12:34 ======== TURN END reason=red-lost corner=2/4 speed=15 yaw=0 next_turn_distance_cm=1546 ========
17:12:34 ======== RED LOST reason=small-area area=95 min_area=300 dist=1177 ========
17:12:34 ======== RED LOST reason=small-area area=138 min_area=300 dist=1180 ========
17:12:35 [TRACE] dx=+75.0 b=15 d=0 dist=1185/1545 area=557 w=199 mx=315 my=141 corner=2/4 lost=0
17:12:35 ======== RED LOST reason=small-area area=24 min_area=300 dist=1188 ========
17:12:35 ======== STOP reason=red-lost lost_frames=21 dist=1188 ========
17:12:36 [TRACE] dx=-162.0 b=15 d=0 dist=1202/1545 area=626 w=70 mx=78 my=151 corner=2/4 lost=0
17:12:36 ======== RED LOST reason=small-area area=172 min_area=300 dist=1202 ========
17:12:36 ======== STOP reason=red-lost lost_frames=21 dist=1202 ========
17:12:38 [TRACE] dx=+219.0 b=40 d=0 dist=1292/1545 area=529 w=35 mx=459 my=9 corner=2/4 lost=0
17:12:38 ======== RED LOST reason=small-area area=267 min_area=300 dist=1293 ========
17:12:38 ======== RED LOST reason=small-area area=48 min_area=300 dist=1298 ========
17:12:38 ======== RED LOST reason=small-area area=184 min_area=300 dist=1311 ========
17:12:39 ======== STOP reason=red-lost lost_frames=21 dist=1311 ========
17:12:40 [TRACE] dx=+57.0 b=40 d=0 dist=1360/1545 area=1242 w=36 mx=297 my=34 corner=2/4 lost=0
17:12:40 ======== RED LOST reason=no-label dist=1362 ========
17:12:40 ======== STOP reason=red-lost lost_frames=21 dist=1362 ========
17:12:44 [TRACE] dx=-219.0 b=40 d=0 dist=1520/1545 area=913 w=48 mx=21 my=109 corner=2/4 lost=0
17:12:45 [TRACE] dx=-16.0 b=40 d=0 dist=1554/1545 area=5202 w=72 mx=224 my=83 corner=2/4 lost=0
17:12:45 ======== TURN START corner=3/4 elapsed=43.7s mx=242 my=84 area=15023 width=123 speed=0 yaw=100 ========
17:12:46 [TRACE] dx=-47.0 b=0 d=100 dist=1561/1545 area=60678 w=474 mx=193 my=85 corner=3/4 lost=0
17:12:47 [TRACE] dx=+13.0 b=0 d=100 dist=1561/1545 area=70498 w=479 mx=253 my=82 corner=3/4 lost=0
17:12:47 ======== TURN END corner=3/4 elapsed=45.8s mx=253 my=82 area=70474 width=479 speed=15 yaw=0 next_turn_distance_cm=1931 ========
17:12:48 [TRACE] dx=+13.0 b=15 d=0 dist=1573/1931 area=70548 w=479 mx=253 my=82 corner=3/4 lost=0
17:12:49 [TRACE] dx=+13.0 b=15 d=0 dist=1588/1931 area=70539 w=479 mx=253 my=82 corner=3/4 lost=0
17:12:50 [TRACE] dx=+13.0 b=40 d=0 dist=1623/1931 area=70521 w=479 mx=253 my=82 corner=3/4 lost=0
17:12:51 [TRACE] dx=+13.0 b=40 d=0 dist=1665/1931 area=70545 w=479 mx=253 my=82 corner=3/4 lost=0
17:12:52 [TRACE] dx=+13.0 b=40 d=0 dist=1707/1931 area=70544 w=479 mx=253 my=82 corner=3/4 lost=0
17:12:53 [TRACE] dx=+13.0 b=40 d=0 dist=1749/1931 area=70544 w=479 mx=253 my=82 corner=3/4 lost=0
17:12:54 [TRACE] dx=+13.0 b=40 d=0 dist=1790/1931 area=70453 w=479 mx=253 my=82 corner=3/4 lost=0
17:15:38 ======== TRACE START speed=40 first_turn_distance_cm=370 ========
17:15:38 [TRACE] dx=+23.0 b=40 d=0 dist=0/370 area=4067 w=36 mx=263 my=89 corner=0/4 lost=0
17:15:39 [TRACE] dx=+21.0 b=40 d=0 dist=40/370 area=3529 w=32 mx=261 my=90 corner=0/4 lost=0
17:15:40 [TRACE] dx=+27.0 b=40 d=0 dist=81/370 area=3415 w=36 mx=267 my=90 corner=0/4 lost=0
17:15:41 [TRACE] dx=+40.0 b=40 d=0 dist=121/370 area=2443 w=47 mx=280 my=91 corner=0/4 lost=0
17:15:42 [TRACE] dx=+55.0 b=40 d=0 dist=163/370 area=2624 w=52 mx=295 my=90 corner=0/4 lost=0
17:15:43 [TRACE] dx=+52.0 b=40 d=0 dist=204/370 area=2484 w=48 mx=292 my=90 corner=0/4 lost=0
17:15:44 [TRACE] dx=+52.0 b=40 d=0 dist=246/370 area=2482 w=49 mx=292 my=88 corner=0/4 lost=0
17:15:45 [TRACE] dx=+66.0 b=40 d=0 dist=287/370 area=2790 w=169 mx=306 my=79 corner=0/4 lost=0
17:15:46 [TRACE] dx=+97.0 b=40 d=0 dist=330/370 area=1487 w=170 mx=337 my=58 corner=0/4 lost=0
17:15:47 ======== RED LOST reason=small-area area=10 min_area=300 dist=366 ========
17:15:47 ======== TURN START reason=red-lost corner=1/4 speed=0 yaw=100 dist=366 ========
17:15:49 ======== TURN END reason=red-lost corner=1/4 speed=15 yaw=0 next_distance_cm=350 next_turn_distance_cm=716 ========
17:15:49 ======== RED LOST reason=no-label dist=366 ========
17:15:50 ======== STOP reason=red-lost lost_frames=46 dist=366 ========
